<?xml version="1.0" encoding="UTF-8"?>
<!-- Generated by org.testng.reporters.JUnitReportReporter -->
<testsuite hostname="ARATHOD-NB" failures="0" tests="1" name="OneGET" time="1.155" errors="0" timestamp="2022-08-15T16:07:51 CEST" skipped="0">
  <testcase classname="OneGET" name="test_01" time="1.155"/>
  <system-out/>
</testsuite> <!-- OneGET -->
