<?xml version="1.0" encoding="UTF-8"?>
<!-- Generated by org.testng.reporters.JUnitReportReporter -->
<testsuite hostname="ARATHOD-NB" failures="0" tests="2" name="OneGET" time="1.600" errors="0" timestamp="2022-08-15T16:17:58 CEST" skipped="0">
  <testcase classname="OneGET" name="test_01" time="1.216"/>
  <system-out/>
  <testcase classname="OneGET" name="test_02" time="0.384"/>
  <system-out/>
</testsuite> <!-- OneGET -->
